2018-06-07 15:55:37,487 INFO o.a.j.u.JMeterUtils: Setting Locale to en_US
2018-06-07 15:55:37,496 INFO o.a.j.JMeter: Loading user properties from: /Users/dgergun/CODE/Jmeter-3.3/bin/user.properties
2018-06-07 15:55:37,496 INFO o.a.j.JMeter: Loading system properties from: /Users/dgergun/CODE/Jmeter-3.3/bin/system.properties
2018-06-07 15:55:37,500 INFO o.a.j.JMeter: Copyright (c) 1998-2017 The Apache Software Foundation
2018-06-07 15:55:37,500 INFO o.a.j.JMeter: Version 3.3 r1808647
2018-06-07 15:55:37,500 INFO o.a.j.JMeter: java.version=1.8.0_171
2018-06-07 15:55:37,500 INFO o.a.j.JMeter: java.vm.name=Java HotSpot(TM) 64-Bit Server VM
2018-06-07 15:55:37,501 INFO o.a.j.JMeter: os.name=Mac OS X
2018-06-07 15:55:37,501 INFO o.a.j.JMeter: os.arch=x86_64
2018-06-07 15:55:37,501 INFO o.a.j.JMeter: os.version=10.13.5
2018-06-07 15:55:37,501 INFO o.a.j.JMeter: file.encoding=UTF-8
2018-06-07 15:55:37,501 INFO o.a.j.JMeter: Max memory     =536870912
2018-06-07 15:55:37,501 INFO o.a.j.JMeter: Available Processors =8
2018-06-07 15:55:37,504 INFO o.a.j.JMeter: Default Locale=English (United States)
2018-06-07 15:55:37,504 INFO o.a.j.JMeter: JMeter  Locale=English (United States)
2018-06-07 15:55:37,504 INFO o.a.j.JMeter: JMeterHome=/Users/dgergun/CODE/Jmeter-3.3
2018-06-07 15:55:37,504 INFO o.a.j.JMeter: user.dir  =/Users/dgergun/CODE/load-tests/dynamic
2018-06-07 15:55:37,504 INFO o.a.j.JMeter: PWD       =/Users/dgergun/CODE/load-tests/dynamic
2018-06-07 15:55:37,786 INFO o.a.j.JMeter: IP: 10.235.69.32 Name: KBP-LM-001602 FullName: ip-10-235-69-32.ec2.internal
2018-06-07 15:55:39,349 INFO o.a.j.g.a.LookAndFeelCommand: Using look and feel: com.apple.laf.AquaLookAndFeel [Mac OS X, System]
2018-06-07 15:55:39,352 INFO o.a.j.JMeter: Loaded icon properties from org/apache/jmeter/images/icon.properties
2018-06-07 15:55:40,011 INFO o.a.j.e.u.CompoundVariable: Note: Function class names must contain the string: '.functions.'
2018-06-07 15:55:40,012 INFO o.a.j.e.u.CompoundVariable: Note: Function class names must not contain the string: '.gui.'
2018-06-07 15:55:40,733 INFO o.j.r.JARSourceHTTP: Found cached repo
2018-06-07 15:55:40,857 INFO o.j.r.PluginManager: Plugins Status: [jpgc-graphs-basic=2.0, jpgc-cmd=2.1, jpgc-csl=0.1, jpgc-casutg=2.5, jpgc-ggl=2.0, jpgc-graphs-vs=2.0, jpgc-plugins-manager=0.0.0-STOCK, jmeter-core=3.3, jmeter-ftp=3.3, jmeter-http=3.3, jmeter-jdbc=3.3, jmeter-jms=3.3, jmeter-junit=3.3, jmeter-java=3.3, jmeter-ldap=3.3, jmeter-mail=3.3, jmeter-mongodb=3.3, jmeter-native=3.3, jmeter-tcp=3.3, jmeter-components=3.3]
2018-06-07 15:55:40,861 INFO o.j.r.PluginManagerMenuItem: Plugins Manager has upgrades: [jpgc-plugins-manager]
2018-06-07 15:55:41,004 INFO o.a.j.JMeter: Loading file: dynamic_content_test.jmx
2018-06-07 15:55:41,005 INFO o.a.j.s.FileServer: Default base='/Users/dgergun/CODE/load-tests/dynamic'
2018-06-07 15:55:41,005 INFO o.a.j.s.FileServer: Set new base='/Users/dgergun/CODE/load-tests/dynamic'
2018-06-07 15:55:41,127 INFO o.a.j.s.SaveService: Testplan (JMX) version: 2.2. Testlog (JTL) version: 2.2
2018-06-07 15:55:41,129 INFO o.a.j.s.SaveService: Using SaveService properties file encoding UTF-8
2018-06-07 15:55:41,130 INFO o.a.j.s.SaveService: Using SaveService properties version 3.2
2018-06-07 15:55:41,132 INFO o.a.j.s.SaveService: Loading file: dynamic_content_test.jmx
2018-06-07 15:55:41,224 INFO o.a.j.p.h.c.CookieManager: Settings: Delete null: true Check: true Allow variable: true Save: false Prefix: COOKIE_
2018-06-07 15:55:41,235 INFO o.a.j.p.h.s.HTTPSamplerBase: Parser for text/html is org.apache.jmeter.protocol.http.parser.LagartoBasedHtmlParser
2018-06-07 15:55:41,235 INFO o.a.j.p.h.s.HTTPSamplerBase: Parser for application/xhtml+xml is org.apache.jmeter.protocol.http.parser.LagartoBasedHtmlParser
2018-06-07 15:55:41,235 INFO o.a.j.p.h.s.HTTPSamplerBase: Parser for application/xml is org.apache.jmeter.protocol.http.parser.LagartoBasedHtmlParser
2018-06-07 15:55:41,235 INFO o.a.j.p.h.s.HTTPSamplerBase: Parser for text/xml is org.apache.jmeter.protocol.http.parser.LagartoBasedHtmlParser
2018-06-07 15:55:41,235 INFO o.a.j.p.h.s.HTTPSamplerBase: Parser for text/vnd.wap.wml is org.apache.jmeter.protocol.http.parser.RegexpHTMLParser
2018-06-07 15:55:41,235 INFO o.a.j.p.h.s.HTTPSamplerBase: Parser for text/css is org.apache.jmeter.protocol.http.parser.CssParser
2018-06-07 15:55:41,298 INFO o.a.j.s.FileServer: Set new base='/Users/dgergun/CODE/load-tests/dynamic'
2018-06-07 15:55:41,524 INFO o.a.j.s.SampleResult: Note: Sample TimeStamps are START times
2018-06-07 15:55:41,525 INFO o.a.j.s.SampleResult: sampleresult.default.encoding is set to ISO-8859-1
2018-06-07 15:55:41,525 INFO o.a.j.s.SampleResult: sampleresult.useNanoTime=true
2018-06-07 15:55:41,525 INFO o.a.j.s.SampleResult: sampleresult.nanoThreadSleep=5000
2018-06-07 15:55:41,746 WARN o.a.j.t.g.GenericTestBeanCustomizer: kg.apc.jmeter.listener.GraphsGeneratorListener#graphWidth(int) has a DEFAULT of class java.lang.String
2018-06-07 15:55:41,747 WARN o.a.j.t.g.GenericTestBeanCustomizer: kg.apc.jmeter.listener.GraphsGeneratorListener#graphHeight(int) has a DEFAULT of class java.lang.String
2018-06-07 15:55:41,797 WARN o.a.j.g.t.JMeterTreeNode: getIcon(): Can't obtain GUI class from class kg.apc.jmeter.listener.GraphsGeneratorListener
2018-06-07 15:55:41,857 INFO o.a.j.g.u.MenuFactory: Skipping org.apache.jmeter.assertions.BSFAssertion
2018-06-07 15:55:42,101 INFO o.a.j.g.u.MenuFactory: Skipping org.apache.jmeter.extractor.BSFPostProcessor
2018-06-07 15:55:42,119 INFO o.a.j.g.u.MenuFactory: Skipping org.apache.jmeter.modifiers.BSFPreProcessor
2018-06-07 15:55:42,372 INFO o.a.j.e.KeyToolUtils: keytool found at 'keytool'
2018-06-07 15:55:42,373 INFO o.a.j.p.h.p.ProxyControl: HTTP(S) Test Script Recorder SSL Proxy will use keys that support embedded 3rd party resources in file /Users/dgergun/CODE/Jmeter-3.3/bin/proxyserver.jks
2018-06-07 15:55:42,463 INFO o.a.j.g.u.MenuFactory: Skipping org.apache.jmeter.protocol.java.sampler.BSFSampler
2018-06-07 15:55:42,547 INFO o.a.j.g.u.MenuFactory: Skipping org.apache.jmeter.protocol.mongodb.config.MongoSourceElement
2018-06-07 15:55:42,547 INFO o.a.j.g.u.MenuFactory: Skipping org.apache.jmeter.protocol.mongodb.sampler.MongoScriptSampler
2018-06-07 15:55:42,639 INFO o.a.j.g.u.MenuFactory: Skipping org.apache.jmeter.timers.BSFTimer
2018-06-07 15:55:42,680 INFO o.a.j.g.u.MenuFactory: Skipping org.apache.jmeter.visualizers.BSFListener
2018-06-07 15:55:42,878 WARN o.a.j.g.t.JMeterTreeNode: getIcon(): Can't obtain GUI class from class kg.apc.jmeter.listener.GraphsGeneratorListener
2018-06-07 15:55:46,220 WARN o.a.j.g.t.JMeterTreeNode: getIcon(): Can't obtain GUI class from class kg.apc.jmeter.listener.GraphsGeneratorListener
2018-06-07 15:55:46,239 WARN o.a.j.g.t.JMeterTreeNode: getIcon(): Can't obtain GUI class from class kg.apc.jmeter.listener.GraphsGeneratorListener
2018-06-07 15:55:46,307 WARN o.a.j.g.t.JMeterTreeNode: getIcon(): Can't obtain GUI class from class kg.apc.jmeter.listener.GraphsGeneratorListener
2018-06-07 15:55:51,477 WARN o.a.j.g.t.JMeterTreeNode: getIcon(): Can't obtain GUI class from class kg.apc.jmeter.listener.GraphsGeneratorListener
2018-06-07 15:55:53,469 WARN o.a.j.g.t.JMeterTreeNode: getIcon(): Can't obtain GUI class from class kg.apc.jmeter.listener.GraphsGeneratorListener
2018-06-07 15:55:53,541 WARN o.a.j.g.t.JMeterTreeNode: getIcon(): Can't obtain GUI class from class kg.apc.jmeter.listener.GraphsGeneratorListener
2018-06-07 15:55:55,432 WARN o.a.j.g.t.JMeterTreeNode: getIcon(): Can't obtain GUI class from class kg.apc.jmeter.listener.GraphsGeneratorListener
2018-06-07 15:55:57,143 WARN o.a.j.g.t.JMeterTreeNode: getIcon(): Can't obtain GUI class from class kg.apc.jmeter.listener.GraphsGeneratorListener
2018-06-07 15:55:58,758 WARN o.a.j.g.t.JMeterTreeNode: getIcon(): Can't obtain GUI class from class kg.apc.jmeter.listener.GraphsGeneratorListener
2018-06-07 15:56:00,436 WARN o.a.j.g.t.JMeterTreeNode: getIcon(): Can't obtain GUI class from class kg.apc.jmeter.listener.GraphsGeneratorListener
2018-06-07 15:56:07,597 WARN o.a.j.g.t.JMeterTreeNode: getIcon(): Can't obtain GUI class from class kg.apc.jmeter.listener.GraphsGeneratorListener
2018-06-07 15:56:08,621 WARN o.a.j.g.t.JMeterTreeNode: getIcon(): Can't obtain GUI class from class kg.apc.jmeter.listener.GraphsGeneratorListener
2018-06-07 15:56:09,555 WARN o.a.j.g.t.JMeterTreeNode: getIcon(): Can't obtain GUI class from class kg.apc.jmeter.listener.GraphsGeneratorListener
2018-06-07 15:56:10,519 WARN o.a.j.g.t.JMeterTreeNode: getIcon(): Can't obtain GUI class from class kg.apc.jmeter.listener.GraphsGeneratorListener
2018-06-07 15:56:12,261 WARN o.a.j.g.t.JMeterTreeNode: getIcon(): Can't obtain GUI class from class kg.apc.jmeter.listener.GraphsGeneratorListener
2018-06-07 15:56:12,335 WARN o.a.j.g.t.JMeterTreeNode: getIcon(): Can't obtain GUI class from class kg.apc.jmeter.listener.GraphsGeneratorListener
2018-06-07 15:56:15,440 WARN o.a.j.g.t.JMeterTreeNode: getIcon(): Can't obtain GUI class from class kg.apc.jmeter.listener.GraphsGeneratorListener
2018-06-07 15:56:15,536 WARN o.a.j.g.t.JMeterTreeNode: getIcon(): Can't obtain GUI class from class kg.apc.jmeter.listener.GraphsGeneratorListener
2018-06-07 15:56:17,333 WARN o.a.j.g.t.JMeterTreeNode: getIcon(): Can't obtain GUI class from class kg.apc.jmeter.listener.GraphsGeneratorListener
2018-06-07 15:56:17,498 WARN o.a.j.g.t.JMeterTreeNode: getIcon(): Can't obtain GUI class from class kg.apc.jmeter.listener.GraphsGeneratorListener
2018-06-07 15:56:17,511 WARN o.a.j.g.t.JMeterTreeNode: getIcon(): Can't obtain GUI class from class kg.apc.jmeter.listener.GraphsGeneratorListener
2018-06-07 15:56:19,145 WARN o.a.j.g.t.JMeterTreeNode: getIcon(): Can't obtain GUI class from class kg.apc.jmeter.listener.GraphsGeneratorListener
2018-06-07 15:56:20,329 WARN o.a.j.g.t.JMeterTreeNode: getIcon(): Can't obtain GUI class from class kg.apc.jmeter.listener.GraphsGeneratorListener
2018-06-07 15:56:20,557 WARN o.a.j.g.t.JMeterTreeNode: getIcon(): Can't obtain GUI class from class kg.apc.jmeter.listener.GraphsGeneratorListener
2018-06-07 15:56:22,521 WARN o.a.j.g.t.JMeterTreeNode: getIcon(): Can't obtain GUI class from class kg.apc.jmeter.listener.GraphsGeneratorListener
2018-06-07 15:56:22,611 WARN o.a.j.g.t.JMeterTreeNode: getIcon(): Can't obtain GUI class from class kg.apc.jmeter.listener.GraphsGeneratorListener
2018-06-07 15:56:24,337 WARN o.a.j.g.t.JMeterTreeNode: getIcon(): Can't obtain GUI class from class kg.apc.jmeter.listener.GraphsGeneratorListener
2018-06-07 15:56:24,424 WARN o.a.j.g.t.JMeterTreeNode: getIcon(): Can't obtain GUI class from class kg.apc.jmeter.listener.GraphsGeneratorListener
2018-06-07 15:56:24,473 WARN o.a.j.g.t.JMeterTreeNode: getIcon(): Can't obtain GUI class from class kg.apc.jmeter.listener.GraphsGeneratorListener
2018-06-07 15:56:26,148 WARN o.a.j.g.t.JMeterTreeNode: getIcon(): Can't obtain GUI class from class kg.apc.jmeter.listener.GraphsGeneratorListener
2018-06-07 15:56:26,154 WARN o.a.j.g.t.JMeterTreeNode: getIcon(): Can't obtain GUI class from class kg.apc.jmeter.listener.GraphsGeneratorListener
2018-06-07 15:56:26,192 WARN o.a.j.g.t.JMeterTreeNode: getIcon(): Can't obtain GUI class from class kg.apc.jmeter.listener.GraphsGeneratorListener
2018-06-07 15:56:26,266 WARN o.a.j.g.t.JMeterTreeNode: getIcon(): Can't obtain GUI class from class kg.apc.jmeter.listener.GraphsGeneratorListener
2018-06-07 15:56:28,647 WARN o.a.j.g.t.JMeterTreeNode: getIcon(): Can't obtain GUI class from class kg.apc.jmeter.listener.GraphsGeneratorListener
2018-06-07 15:56:28,662 WARN o.a.j.g.t.JMeterTreeNode: getIcon(): Can't obtain GUI class from class kg.apc.jmeter.listener.GraphsGeneratorListener
2018-06-07 15:56:28,694 WARN o.a.j.g.t.JMeterTreeNode: getIcon(): Can't obtain GUI class from class kg.apc.jmeter.listener.GraphsGeneratorListener
2018-06-07 15:56:28,874 WARN o.a.j.g.t.JMeterTreeNode: getIcon(): Can't obtain GUI class from class kg.apc.jmeter.listener.GraphsGeneratorListener
2018-06-07 15:56:30,746 WARN o.a.j.g.t.JMeterTreeNode: getIcon(): Can't obtain GUI class from class kg.apc.jmeter.listener.GraphsGeneratorListener
2018-06-07 15:56:30,810 WARN o.a.j.g.t.JMeterTreeNode: getIcon(): Can't obtain GUI class from class kg.apc.jmeter.listener.GraphsGeneratorListener
2018-06-07 15:56:30,854 WARN o.a.j.g.t.JMeterTreeNode: getIcon(): Can't obtain GUI class from class kg.apc.jmeter.listener.GraphsGeneratorListener
